<?xml version="1.0" encoding="UTF-8"?>
<!-- Generated by org.testng.reporters.JUnitReportReporter -->
<testsuite skipped="0" hostname="DESKTOP-QL74M3G" name="com.banking.testcases.TC_AddCustumer_003" tests="1" failures="0" timestamp="2020-01-31T20:46:05 IST" time="17.950" errors="0">
  <testcase name="addNewCustomer" time="17.950" classname="com.banking.testcases.TC_AddCustumer_003"/>
  <system-out/>
</testsuite> <!-- com.banking.testcases.TC_AddCustumer_003 -->
