<?xml version="1.0" encoding="UTF-8"?>
<!-- Generated by org.testng.reporters.JUnitReportReporter -->
<testsuite skipped="0" hostname="DESKTOP-QL74M3G" name="com.banking.testcases.TC_AddCustumer_003" tests="1" failures="0" timestamp="2020-02-01T11:50:41 IST" time="16.835" errors="0">
  <testcase name="addNewCustomer" time="16.835" classname="com.banking.testcases.TC_AddCustumer_003"/>
  <system-out/>
</testsuite> <!-- com.banking.testcases.TC_AddCustumer_003 -->
